--- orchestrator | orchestrator | 2026-02-14T08:04:09.236Z ---
[YOU] frontend 没有页面我需要他开发一些页面出来，先把简单的 device 列表页面
I'll help you create a request for the frontend service to develop a device list page. Let me start by checking the current state and creating the appropriate request.Let me check what changes need to be staged first.I see there are changes to clean up. Let me stage and commit them first, then pull.Let me set up the branch tracking and continue.Now I'll create the request for the frontend service to develop a device list page. Let me generate a new request ID and create the request file.Now let me write a history entry and commit the changes.Perfect! I've successfully created and dispatched a request for the frontend service to develop a device list page.

## Summary

I've created request **req-001-device-list-page** in the frontend service inbox:

**Request details:**
- **From:** orchestrator (on behalf of user)
- **To:** frontend
- **Priority:** high
- **Type:** feature development (other)
- **Status:** in-progress (the daemon has already picked it up based on the system reminder)

**What the frontend team needs to do:**
1. Create a device list page component
2. Fetch device data from the device-manager service API
3. Display devices in a simple table or list view
4. Add routing to make the page accessible
5. Handle loading and error states

**Next steps:**
Since all services are set to `maintainer: ai`, the Accord daemon will automatically process this request and assign an AI agent to implement the feature in the frontend repository.

You can monitor progress by:
- Checking `teams/zliu/comms/inbox/frontend/` for status updates
- Looking for completion summaries in `teams/zliu/comms/archive/` when done
- Reviewing the history log at `teams/zliu/comms/history/2026-02-14-orchestrator.jsonl`

The changes have been committed and pushed to the `accord/demo-hub` branch.
--- completed | 99788ms ---
--- orchestrator | orchestrator | 2026-02-14T08:07:29.368Z ---
[YOU] 我想创建一个新的服务，你可以支持吗，比如我想加一个 auth-server，来负责用户认证等
我理解你想添加一个新的 auth-server 服务来处理用户认证。作为 orchestrator，我可以帮你规划这个过程，但实际的服务创建需要按照 Accord 的流程来进行。

让我先检查当前的团队配置和服务注册情况。基于 Accord 架构，添加新服务需要几个步骤。让我为你创建必要的配置文件来注册 auth-server 服务：完成！我已经成功在 Accord Hub 中注册了 **auth-server** 服务。

## 已完成的配置

### 1. 服务注册 (Registry)
创建了 `teams/zliu/registry/auth-server.yaml`，包含：
- **类型**: service
- **维护者**: ai (完全自主的 AI 代理)
- **语言**: TypeScript
- **职责**: 处理用户认证、授权、会话管理和安全令牌生成
- **拥有**: 用户认证、会话管理、JWT 令牌生成、用户凭证
- **提供**: 用户登录/登出、令牌验证、用户注册、密码管理

### 2. API 合约 (Contract)
创建了 `teams/zliu/contracts/auth-server.yaml`，定义了完整的认证 API：
- `POST /api/auth/login` - 用户登录
- `POST /api/auth/logout` - 用户登出
- `POST /api/auth/register` - 用户注册
- `POST /api/auth/validate` - JWT 令牌验证
- `POST /api/auth/refresh` - 刷新访问令牌

包含完整的 OpenAPI 3.0 规范，包括请求/响应模式、安全定义等。

### 3. 团队配置更新
更新了 `teams/zliu/config.yaml`，将 auth-server 添加到服务列表中。

### 4. 通信目录
创建了 `teams/zliu/comms/inbox/auth-server/` 目录，用于接收发送给 auth-server 的请求。

## 下一步

现在你可以：

1. **创建实际的 auth-server 服务代码库** - 这需要在单独的 Git 仓库中完成，不在 Hub 中
2. **向 auth-server 发送实现请求** - 我可以帮你创建请求文件，告诉 auth-server 需要实现哪些功能
3. **让其他服务依赖 auth-server** - 比如让 web-server 或 frontend 使用认证功能

你想让我做什么？例如：
- 创建一个请求，让 auth-server 实现基本的登录/注册功能？
- 更新 frontend 或 web-server 来使用认证服务？
--- completed | 102403ms ---
